TN:
SF:main.ts
FN:24,(anonymous_0)
FN:28,(anonymous_2)
FN:40,(anonymous_3)
FN:50,(anonymous_4)
FN:55,(anonymous_5)
FN:58,(anonymous_6)
FN:62,(anonymous_7)
FN:66,(anonymous_9)
FN:70,(anonymous_11)
FN:128,(anonymous_13)
FN:152,(anonymous_14)
FN:180,(anonymous_16)
FN:184,(anonymous_18)
FN:208,(anonymous_19)
FN:209,(anonymous_20)
FN:209,(anonymous_21)
FN:275,(anonymous_22)
FN:281,(anonymous_23)
FN:286,(anonymous_24)
FN:296,(anonymous_25)
FN:299,(anonymous_26)
FN:299,(anonymous_27)
FN:307,(anonymous_28)
FN:311,(anonymous_29)
FN:313,(anonymous_30)
FN:313,(anonymous_31)
FN:325,(anonymous_32)
FN:328,(anonymous_33)
FN:328,(anonymous_34)
FNF:29
FNH:0
FNDA:0,(anonymous_0)
FNDA:0,(anonymous_2)
FNDA:0,(anonymous_3)
FNDA:0,(anonymous_4)
FNDA:0,(anonymous_5)
FNDA:0,(anonymous_6)
FNDA:0,(anonymous_7)
FNDA:0,(anonymous_9)
FNDA:0,(anonymous_11)
FNDA:0,(anonymous_13)
FNDA:0,(anonymous_14)
FNDA:0,(anonymous_16)
FNDA:0,(anonymous_18)
FNDA:0,(anonymous_19)
FNDA:0,(anonymous_20)
FNDA:0,(anonymous_21)
FNDA:0,(anonymous_22)
FNDA:0,(anonymous_23)
FNDA:0,(anonymous_24)
FNDA:0,(anonymous_25)
FNDA:0,(anonymous_26)
FNDA:0,(anonymous_27)
FNDA:0,(anonymous_28)
FNDA:0,(anonymous_29)
FNDA:0,(anonymous_30)
FNDA:0,(anonymous_31)
FNDA:0,(anonymous_32)
FNDA:0,(anonymous_33)
FNDA:0,(anonymous_34)
DA:1,1
DA:2,1
DA:3,1
DA:4,1
DA:5,1
DA:13,1
DA:19,1
DA:21,1
DA:25,0
DA:28,0
DA:30,0
DA:31,0
DA:34,0
DA:37,0
DA:41,0
DA:46,0
DA:50,0
DA:51,0
DA:55,0
DA:63,0
DA:67,0
DA:71,0
DA:72,0
DA:80,0
DA:81,0
DA:84,0
DA:85,0
DA:86,0
DA:88,0
DA:89,0
DA:93,0
DA:94,0
DA:95,0
DA:98,0
DA:99,0
DA:100,0
DA:101,0
DA:113,0
DA:116,0
DA:117,0
DA:118,0
DA:119,0
DA:120,0
DA:121,0
DA:126,0
DA:127,0
DA:128,0
DA:129,0
DA:131,0
DA:134,0
DA:135,0
DA:136,0
DA:137,0
DA:139,0
DA:140,0
DA:141,0
DA:142,0
DA:145,0
DA:147,0
DA:148,0
DA:153,0
DA:154,0
DA:155,0
DA:166,0
DA:167,0
DA:170,0
DA:171,0
DA:172,0
DA:173,0
DA:175,0
DA:176,0
DA:181,0
DA:182,0
DA:184,0
DA:185,0
DA:205,0
DA:206,0
DA:208,0
DA:209,0
DA:210,0
DA:211,0
DA:212,0
DA:213,0
DA:215,0
DA:217,0
DA:218,0
DA:219,0
DA:221,0
DA:222,0
DA:223,0
DA:225,0
DA:226,0
DA:227,0
DA:228,0
DA:229,0
DA:230,0
DA:231,0
DA:236,0
DA:237,0
DA:240,0
DA:241,0
DA:242,0
DA:243,0
DA:244,0
DA:245,0
DA:246,0
DA:251,0
DA:254,0
DA:255,0
DA:256,0
DA:257,0
DA:259,0
DA:262,0
DA:263,0
DA:265,0
DA:266,0
DA:276,0
DA:277,0
DA:282,0
DA:283,0
DA:287,0
DA:289,0
DA:291,0
DA:293,0
DA:296,0
DA:299,0
DA:300,0
DA:301,0
DA:304,0
DA:307,0
DA:311,0
DA:313,0
DA:314,0
DA:315,0
DA:316,0
DA:318,0
DA:319,0
DA:322,0
DA:325,0
DA:328,0
DA:329,0
DA:330,0
LF:142
LH:8
BRDA:80,0,0,0
BRDA:88,1,0,0
BRDA:94,2,0,0
BRDA:117,3,0,0
BRDA:117,3,1,0
BRDA:119,4,0,0
BRDA:136,5,0,0
BRDA:166,6,0,0
BRDA:222,7,0,0
BRDA:222,7,1,0
BRDA:225,8,0,0
BRDA:227,9,0,0
BRDA:229,10,0,0
BRDA:236,11,0,0
BRDA:242,12,0,0
BRDA:254,13,0,0
BRDA:254,13,1,0
BRDA:314,14,0,0
BRDA:314,15,0,0
BRDA:314,15,1,0
BRF:20
BRH:0
end_of_record
TN:
SF:compare/compare.ts
FN:131,(anonymous_0)
FN:20,getUpdatedFileInfo
FN:28,getExistingFileInfo
FN:39,(anonymous_4)
FN:41,(anonymous_5)
FN:59,handleDuplicateNotes
FN:77,checkForDuplicateData
FNF:7
FNH:7
FNDA:3,(anonymous_0)
FNDA:1,getUpdatedFileInfo
FNDA:1,getExistingFileInfo
FNDA:1,(anonymous_4)
FNDA:1,(anonymous_5)
FNDA:2,handleDuplicateNotes
FNDA:4,checkForDuplicateData
DA:2,2
DA:21,1
DA:29,1
DA:30,1
DA:32,1
DA:33,1
DA:34,1
DA:35,1
DA:36,1
DA:37,1
DA:39,1
DA:40,1
DA:41,1
DA:42,1
DA:43,1
DA:44,1
DA:45,1
DA:46,1
DA:48,1
DA:64,2
DA:65,2
DA:67,2
DA:68,1
DA:69,1
DA:71,1
DA:73,1
DA:81,4
DA:84,4
DA:87,4
DA:88,4
DA:91,4
DA:92,1
DA:96,3
DA:97,3
DA:98,3
DA:100,3
DA:101,1
DA:104,2
DA:105,1
DA:108,1
DA:109,0
DA:113,1
DA:117,0
DA:118,0
DA:119,0
DA:120,0
DA:121,0
DA:124,0
DA:127,0
DA:131,5
LF:50
LH:42
BRDA:39,0,0,0
BRDA:39,0,1,1
BRDA:39,1,0,1
BRDA:39,1,1,1
BRDA:41,2,0,0
BRDA:41,2,1,1
BRDA:41,3,0,1
BRDA:41,3,1,1
BRDA:43,4,0,1
BRDA:43,4,1,0
BRDA:45,5,0,1
BRDA:45,5,1,0
BRDA:67,6,0,1
BRDA:67,6,1,1
BRDA:84,7,0,4
BRDA:84,7,1,0
BRDA:87,8,0,4
BRDA:87,8,1,0
BRDA:87,8,2,0
BRDA:88,9,0,4
BRDA:88,9,1,1
BRDA:91,10,0,1
BRDA:96,11,0,3
BRDA:96,12,0,3
BRDA:96,12,1,3
BRDA:100,13,0,1
BRDA:100,14,0,3
BRDA:100,14,1,2
BRDA:104,15,0,1
BRDA:104,16,0,2
BRDA:104,16,1,1
BRDA:108,17,0,0
BRDA:108,18,0,1
BRDA:108,18,1,1
BRDA:117,19,0,0
BRDA:117,19,1,0
BRDA:118,20,0,0
BRDA:118,20,1,0
BRDA:120,21,0,0
BRDA:120,21,1,0
BRF:40
BRH:26
end_of_record
TN:
SF:note/note.ts
FN:18,normalizeDate
FN:26,normalizeNote
FN:52,extractFrontmatter
FN:66,(anonymous_3)
FN:70,(anonymous_4)
FNF:5
FNH:5
FNDA:10,normalizeDate
FNDA:2,normalizeNote
FNDA:6,extractFrontmatter
FNDA:5,(anonymous_3)
FNDA:1,(anonymous_4)
DA:19,10
DA:20,3
DA:22,7
DA:23,7
DA:27,2
DA:44,2
DA:45,2
DA:46,2
DA:47,2
DA:49,2
DA:54,6
DA:55,6
DA:56,6
DA:57,6
DA:58,6
DA:59,4
DA:60,4
DA:64,6
DA:65,6
DA:66,4
DA:67,5
DA:68,5
DA:70,5
DA:71,5
DA:73,5
DA:77,6
DA:81,3
LF:27
LH:27
BRDA:19,0,0,3
BRDA:23,1,0,1
BRDA:23,1,1,6
BRDA:28,2,0,0
BRDA:28,2,1,2
BRDA:28,3,0,2
BRDA:28,3,1,2
BRDA:29,4,0,0
BRDA:29,4,1,2
BRDA:29,5,0,2
BRDA:29,5,1,2
BRDA:57,6,0,0
BRDA:57,6,1,6
BRDA:57,7,0,6
BRDA:57,7,1,6
BRDA:58,8,0,4
BRDA:58,9,0,6
BRDA:58,9,1,6
BRDA:64,10,0,0
BRDA:64,10,1,6
BRDA:64,11,0,6
BRDA:64,11,1,6
BRDA:65,12,0,4
BRDA:68,13,0,5
BRDA:68,14,0,5
BRDA:68,14,1,5
BRF:26
BRH:22
end_of_record
