TN:
SF:src/config.ts
FNF:0
FNH:0
DA:3,1
LF:1
LH:1
BRF:0
BRH:0
end_of_record
TN:
SF:src/main.ts
FN:8,(anonymous_0)
FN:12,(anonymous_2)
FN:22,(anonymous_3)
FN:31,(anonymous_4)
FN:35,(anonymous_6)
FN:40,(anonymous_8)
FNF:6
FNH:0
FNDA:0,(anonymous_0)
FNDA:0,(anonymous_2)
FNDA:0,(anonymous_3)
FNDA:0,(anonymous_4)
FNDA:0,(anonymous_6)
FNDA:0,(anonymous_8)
DA:1,1
DA:2,1
DA:3,1
DA:5,1
DA:9,0
DA:12,0
DA:14,0
DA:15,0
DA:19,0
DA:23,0
DA:28,0
DA:32,0
DA:36,0
DA:41,0
LF:14
LH:4
BRF:0
BRH:0
end_of_record
TN:
SF:src/settings.ts
FN:30,(anonymous_0)
FN:34,(anonymous_1)
FN:39,(anonymous_2)
FN:50,(anonymous_3)
FN:54,(anonymous_4)
FN:57,(anonymous_5)
FN:57,(anonymous_6)
FN:63,(anonymous_7)
FN:67,(anonymous_8)
FN:70,(anonymous_9)
FN:70,(anonymous_10)
FN:77,(anonymous_11)
FN:88,(anonymous_12)
FN:93,(anonymous_13)
FN:102,(anonymous_15)
FN:111,(anonymous_17)
FN:115,(anonymous_18)
FN:118,(anonymous_19)
FN:118,(anonymous_20)
FN:124,(anonymous_21)
FN:128,(anonymous_22)
FN:130,(anonymous_23)
FN:130,(anonymous_24)
FN:138,(anonymous_25)
FN:141,(anonymous_26)
FN:141,(anonymous_27)
FN:149,(anonymous_28)
FN:152,(anonymous_29)
FN:152,(anonymous_30)
FN:158,(anonymous_31)
FNF:30
FNH:0
FNDA:0,(anonymous_0)
FNDA:0,(anonymous_1)
FNDA:0,(anonymous_2)
FNDA:0,(anonymous_3)
FNDA:0,(anonymous_4)
FNDA:0,(anonymous_5)
FNDA:0,(anonymous_6)
FNDA:0,(anonymous_7)
FNDA:0,(anonymous_8)
FNDA:0,(anonymous_9)
FNDA:0,(anonymous_10)
FNDA:0,(anonymous_11)
FNDA:0,(anonymous_12)
FNDA:0,(anonymous_13)
FNDA:0,(anonymous_15)
FNDA:0,(anonymous_17)
FNDA:0,(anonymous_18)
FNDA:0,(anonymous_19)
FNDA:0,(anonymous_20)
FNDA:0,(anonymous_21)
FNDA:0,(anonymous_22)
FNDA:0,(anonymous_23)
FNDA:0,(anonymous_24)
FNDA:0,(anonymous_25)
FNDA:0,(anonymous_26)
FNDA:0,(anonymous_27)
FNDA:0,(anonymous_28)
FNDA:0,(anonymous_29)
FNDA:0,(anonymous_30)
FNDA:0,(anonymous_31)
DA:1,1
DA:2,1
DA:4,1
DA:17,1
DA:27,1
DA:30,0
DA:31,0
DA:35,0
DA:36,0
DA:40,0
DA:41,0
DA:43,0
DA:44,0
DA:45,0
DA:46,0
DA:51,0
DA:54,0
DA:57,0
DA:58,0
DA:59,0
DA:64,0
DA:67,0
DA:70,0
DA:71,0
DA:72,0
DA:74,0
DA:75,0
DA:76,0
DA:77,0
DA:78,0
DA:79,0
DA:80,0
DA:81,0
DA:83,0
DA:84,0
DA:88,0
DA:94,0
DA:95,0
DA:96,0
DA:97,0
DA:98,0
DA:103,0
DA:104,0
DA:105,0
DA:107,0
DA:108,0
DA:112,0
DA:115,0
DA:118,0
DA:119,0
DA:120,0
DA:125,0
DA:128,0
DA:130,0
DA:131,0
DA:132,0
DA:135,0
DA:138,0
DA:141,0
DA:142,0
DA:143,0
DA:146,0
DA:149,0
DA:152,0
DA:153,0
DA:154,0
DA:159,0
DA:162,0
DA:163,0
DA:164,0
DA:165,0
LF:71
LH:5
BRDA:76,0,0,0
BRDA:76,0,1,0
BRDA:76,1,0,0
BRDA:76,1,1,0
BRDA:77,2,0,0
BRDA:77,2,1,0
BRDA:77,3,0,0
BRDA:77,3,1,0
BRDA:79,4,0,0
BRDA:79,4,1,0
BRDA:95,5,0,0
BRDA:95,5,1,0
BRDA:95,6,0,0
BRDA:95,6,1,0
BRDA:96,7,0,0
BRDA:96,8,0,0
BRDA:96,8,1,0
BRDA:103,9,0,0
BRDA:103,10,0,0
BRDA:103,10,1,0
BRF:20
BRH:0
end_of_record
TN:
SF:src/google/drive/auth.ts
FN:5,connectToGoogleDrive
FN:51,waitForAuthCode
FN:55,(anonymous_4)
FNF:3
FNH:0
FNDA:0,connectToGoogleDrive
FNDA:0,waitForAuthCode
FNDA:0,(anonymous_4)
DA:1,1
DA:2,1
DA:5,1
DA:6,0
DA:7,0
DA:8,0
DA:17,0
DA:18,0
DA:22,0
DA:23,0
DA:26,0
DA:29,0
DA:32,0
DA:37,0
DA:40,0
DA:41,0
DA:42,0
DA:44,0
DA:46,0
DA:47,0
DA:55,0
DA:56,0
DA:57,0
LF:23
LH:3
BRDA:13,0,0,0
BRDA:13,0,1,0
BRDA:17,1,0,0
BRDA:57,2,0,0
BRDA:57,2,1,0
BRF:5
BRH:0
end_of_record
TN:
SF:src/google/keep/compare.ts
FN:124,(anonymous_0)
FN:20,getUpdatedFileInfo
FN:28,getExistingFileInfo
FN:36,(anonymous_4)
FN:37,(anonymous_5)
FN:52,handleDuplicateNotes
FN:70,checkForDuplicateData
FNF:7
FNH:7
FNDA:3,(anonymous_0)
FNDA:1,getUpdatedFileInfo
FNDA:1,getExistingFileInfo
FNDA:1,(anonymous_4)
FNDA:1,(anonymous_5)
FNDA:2,handleDuplicateNotes
FNDA:4,checkForDuplicateData
DA:2,2
DA:21,1
DA:29,1
DA:30,1
DA:32,1
DA:33,1
DA:34,1
DA:36,1
DA:37,1
DA:38,1
DA:39,1
DA:41,1
DA:57,2
DA:58,2
DA:60,2
DA:61,1
DA:62,1
DA:64,1
DA:66,1
DA:74,4
DA:77,4
DA:80,4
DA:81,4
DA:84,4
DA:85,1
DA:89,3
DA:90,3
DA:91,3
DA:93,3
DA:94,1
DA:97,2
DA:98,1
DA:101,1
DA:102,0
DA:106,1
DA:110,0
DA:111,0
DA:112,0
DA:113,0
DA:114,0
DA:117,0
DA:120,0
DA:124,5
LF:43
LH:35
BRDA:36,0,0,0
BRDA:36,0,1,1
BRDA:36,1,0,1
BRDA:36,1,1,1
BRDA:37,2,0,0
BRDA:37,2,1,1
BRDA:37,3,0,1
BRDA:37,3,1,1
BRDA:38,4,0,1
BRDA:38,4,1,0
BRDA:39,5,0,1
BRDA:39,5,1,0
BRDA:60,6,0,1
BRDA:60,6,1,1
BRDA:77,7,0,4
BRDA:77,7,1,0
BRDA:80,8,0,4
BRDA:80,8,1,0
BRDA:80,8,2,0
BRDA:81,9,0,4
BRDA:81,9,1,1
BRDA:84,10,0,1
BRDA:89,11,0,3
BRDA:89,12,0,3
BRDA:89,12,1,3
BRDA:93,13,0,1
BRDA:93,14,0,3
BRDA:93,14,1,2
BRDA:97,15,0,1
BRDA:97,16,0,2
BRDA:97,16,1,1
BRDA:101,17,0,0
BRDA:101,18,0,1
BRDA:101,18,1,1
BRDA:110,19,0,0
BRDA:110,19,1,0
BRDA:111,20,0,0
BRDA:111,20,1,0
BRDA:113,21,0,0
BRDA:113,21,1,0
BRF:40
BRH:26
end_of_record
TN:
SF:src/google/keep/import.ts
FN:14,importGoogleKeepNotes
FN:66,(anonymous_2)
FNF:2
FNH:0
FNDA:0,importGoogleKeepNotes
FNDA:0,(anonymous_2)
DA:1,1
DA:2,1
DA:3,1
DA:4,1
DA:6,1
DA:14,1
DA:15,0
DA:16,0
DA:27,0
DA:32,0
DA:33,0
DA:34,0
DA:36,0
DA:37,0
DA:41,0
DA:42,0
DA:43,0
DA:46,0
DA:47,0
DA:48,0
DA:49,0
DA:51,0
DA:54,0
DA:55,0
DA:56,0
DA:57,0
DA:58,0
DA:59,0
DA:64,0
DA:65,0
DA:66,0
DA:67,0
DA:69,0
DA:72,0
DA:73,0
DA:74,0
DA:75,0
DA:79,0
DA:80,0
DA:81,0
DA:82,0
DA:84,0
DA:85,0
DA:90,0
DA:92,0
DA:93,0
LF:46
LH:6
BRDA:27,0,0,0
BRDA:27,0,1,0
BRDA:29,1,0,0
BRDA:29,1,1,0
BRDA:36,2,0,0
BRDA:42,3,0,0
BRDA:55,4,0,0
BRDA:55,4,1,0
BRDA:57,5,0,0
BRDA:72,6,0,0
BRF:10
BRH:0
end_of_record
TN:
SF:src/google/keep/note.ts
FN:37,normalizeDate
FN:45,normalizeNote
FN:72,extractFrontmatter
FN:86,(anonymous_3)
FN:90,(anonymous_4)
FNF:5
FNH:5
FNDA:10,normalizeDate
FNDA:2,normalizeNote
FNDA:6,extractFrontmatter
FNDA:5,(anonymous_3)
FNDA:5,(anonymous_4)
DA:38,10
DA:39,4
DA:41,6
DA:42,6
DA:46,2
DA:64,2
DA:65,2
DA:66,2
DA:67,2
DA:69,2
DA:74,6
DA:75,6
DA:76,6
DA:77,6
DA:78,6
DA:79,4
DA:80,4
DA:84,6
DA:85,6
DA:86,4
DA:87,5
DA:88,5
DA:90,5
DA:91,5
DA:93,5
DA:97,6
DA:101,3
LF:27
LH:27
BRDA:38,0,0,4
BRDA:42,1,0,1
BRDA:42,1,1,5
BRDA:47,2,0,2
BRDA:47,2,1,0
BRDA:47,3,0,0
BRDA:47,3,1,2
BRDA:47,4,0,2
BRDA:47,4,1,2
BRDA:48,5,0,2
BRDA:48,5,1,0
BRDA:48,6,0,0
BRDA:48,6,1,2
BRDA:48,7,0,2
BRDA:48,7,1,2
BRDA:49,8,0,2
BRDA:49,8,1,0
BRDA:50,9,0,2
BRDA:50,9,1,0
BRDA:51,10,0,2
BRDA:51,10,1,2
BRDA:52,11,0,2
BRDA:52,11,1,2
BRDA:53,12,0,1
BRDA:53,12,1,1
BRDA:54,13,0,1
BRDA:54,13,1,1
BRDA:55,14,0,0
BRDA:55,14,1,2
BRDA:56,15,0,1
BRDA:56,15,1,1
BRDA:57,16,0,1
BRDA:57,16,1,1
BRDA:58,17,0,2
BRDA:58,17,1,1
BRDA:64,18,0,2
BRDA:64,18,1,0
BRDA:77,19,0,0
BRDA:77,19,1,6
BRDA:77,20,0,6
BRDA:77,20,1,6
BRDA:78,21,0,4
BRDA:78,22,0,6
BRDA:78,22,1,6
BRDA:84,23,0,0
BRDA:84,23,1,6
BRDA:84,24,0,6
BRDA:84,24,1,6
BRDA:85,25,0,4
BRDA:88,26,0,5
BRDA:88,27,0,5
BRDA:88,27,1,5
BRF:52
BRH:42
end_of_record
TN:
SF:src/google/keep/token.ts
FN:13,getOAuthToken
FN:17,(anonymous_2)
FN:29,(anonymous_3)
FN:58,(anonymous_4)
FN:69,(anonymous_5)
FN:113,(anonymous_6)
FN:114,(anonymous_7)
FN:114,(anonymous_8)
FN:126,(anonymous_9)
FN:130,(anonymous_10)
FN:156,(anonymous_11)
FN:161,(anonymous_12)
FN:173,initRetrieveToken
FN:182,exchangeOauthToken
FNF:14
FNH:0
FNDA:0,getOAuthToken
FNDA:0,(anonymous_2)
FNDA:0,(anonymous_3)
FNDA:0,(anonymous_4)
FNDA:0,(anonymous_5)
FNDA:0,(anonymous_6)
FNDA:0,(anonymous_7)
FNDA:0,(anonymous_8)
FNDA:0,(anonymous_9)
FNDA:0,(anonymous_10)
FNDA:0,(anonymous_11)
FNDA:0,(anonymous_12)
FNDA:0,initRetrieveToken
FNDA:0,exchangeOauthToken
DA:1,1
DA:4,1
DA:14,0
DA:15,0
DA:17,0
DA:29,0
DA:58,0
DA:69,0
DA:113,0
DA:114,0
DA:115,0
DA:116,0
DA:117,0
DA:120,0
DA:121,0
DA:123,0
DA:124,0
DA:126,0
DA:127,0
DA:128,0
DA:130,0
DA:131,0
DA:132,0
DA:134,0
DA:135,0
DA:136,0
DA:137,0
DA:138,0
DA:139,0
DA:143,0
DA:144,0
DA:146,0
DA:147,0
DA:148,0
DA:149,0
DA:150,0
DA:151,0
DA:154,0
DA:155,0
DA:156,0
DA:157,0
DA:158,0
DA:161,0
DA:164,0
DA:166,0
DA:167,0
DA:173,1
DA:174,0
DA:175,0
DA:177,0
DA:178,0
DA:182,1
DA:183,0
DA:184,0
DA:196,0
DA:197,0
DA:198,0
DA:199,0
DA:200,0
DA:201,0
DA:203,0
DA:206,0
DA:207,0
LF:63
LH:4
BRDA:116,0,0,0
BRDA:127,1,0,0
BRDA:127,1,1,0
BRDA:134,2,0,0
BRDA:148,3,0,0
BRDA:148,4,0,0
BRDA:148,4,1,0
BRDA:154,5,0,0
BRDA:154,6,0,0
BRDA:154,6,1,0
BRDA:154,6,2,0
BRDA:197,7,0,0
BRDA:197,7,1,0
BRF:13
BRH:0
end_of_record
